{"/Users/lsir/Desktop/workana-challenge/hash.js": {"path":"/Users/lsir/Desktop/workana-challenge/hash.js","all":false,"statementMap":{"0":{"start":{"line":1,"column":0},"end":{"line":1,"column":31}},"1":{"start":{"line":2,"column":0},"end":{"line":2,"column":25}},"2":{"start":{"line":3,"column":0},"end":{"line":3,"column":33}},"3":{"start":{"line":4,"column":0},"end":{"line":4,"column":25}},"4":{"start":{"line":5,"column":0},"end":{"line":5,"column":0}},"5":{"start":{"line":6,"column":0},"end":{"line":6,"column":21}},"6":{"start":{"line":7,"column":0},"end":{"line":7,"column":49}},"7":{"start":{"line":8,"column":0},"end":{"line":8,"column":27}},"8":{"start":{"line":9,"column":0},"end":{"line":9,"column":41}},"9":{"start":{"line":10,"column":0},"end":{"line":10,"column":11}},"10":{"start":{"line":11,"column":0},"end":{"line":11,"column":26}},"11":{"start":{"line":12,"column":0},"end":{"line":12,"column":53}},"12":{"start":{"line":13,"column":0},"end":{"line":13,"column":10}},"13":{"start":{"line":14,"column":0},"end":{"line":14,"column":13}},"14":{"start":{"line":15,"column":0},"end":{"line":15,"column":1}},"15":{"start":{"line":16,"column":0},"end":{"line":16,"column":0}},"16":{"start":{"line":17,"column":0},"end":{"line":17,"column":25}},"17":{"start":{"line":18,"column":0},"end":{"line":18,"column":80}},"18":{"start":{"line":19,"column":0},"end":{"line":19,"column":0}},"19":{"start":{"line":20,"column":0},"end":{"line":20,"column":16}},"20":{"start":{"line":21,"column":0},"end":{"line":21,"column":0}},"21":{"start":{"line":22,"column":0},"end":{"line":22,"column":46}},"22":{"start":{"line":23,"column":0},"end":{"line":23,"column":0}},"23":{"start":{"line":24,"column":0},"end":{"line":24,"column":16}},"24":{"start":{"line":25,"column":0},"end":{"line":25,"column":1}}},"s":{"0":1,"1":1,"2":1,"3":1,"4":1,"5":2,"6":2,"7":0,"8":0,"9":0,"10":0,"11":0,"12":0,"13":2,"14":2,"15":1,"16":1,"17":2,"18":2,"19":2,"20":2,"21":2,"22":2,"23":2,"24":2},"branchMap":{"0":{"type":"branch","line":6,"loc":{"start":{"line":6,"column":0},"end":{"line":15,"column":1}},"locations":[{"start":{"line":6,"column":0},"end":{"line":15,"column":1}}]},"1":{"type":"branch","line":17,"loc":{"start":{"line":17,"column":18},"end":{"line":25,"column":1}},"locations":[{"start":{"line":17,"column":18},"end":{"line":25,"column":1}}]}},"b":{"0":[2],"1":[2]},"fnMap":{"0":{"name":"doRequest","decl":{"start":{"line":6,"column":0},"end":{"line":15,"column":1}},"loc":{"start":{"line":6,"column":0},"end":{"line":15,"column":1}},"line":6},"1":{"name":"Object.<anonymous>.exports.getHash","decl":{"start":{"line":17,"column":18},"end":{"line":25,"column":1}},"loc":{"start":{"line":17,"column":18},"end":{"line":25,"column":1}},"line":17}},"f":{"0":2,"1":2}}
}
